<?xml version="1.0" encoding="UTF-8"?>
<testsuite xmlns:xsi="http://www.w3.org/2001/XMLSchema-instance" xsi:schemaLocation="https://maven.apache.org/surefire/maven-surefire-plugin/xsd/surefire-test-report.xsd" name="com.junit.maven.junitAndMaven.StackTest" time="0.001" tests="8" errors="0" skipped="0" failures="0">
  <properties>
[...]
</properties>
  <testcase name="popNullTest" classname="com.junit.maven.junitAndMaven.StackTest" time="0.001"/>
  <testcase name="emptyTrueTest" classname="com.junit.maven.junitAndMaven.StackTest" time="0"/>
  <testcase name="pushExceptionTest" classname="com.junit.maven.junitAndMaven.StackTest" time="0"/>
  <testcase name="popTest" classname="com.junit.maven.junitAndMaven.StackTest" time="0"/>
  <testcase name="emptyFalseTest" classname="com.junit.maven.junitAndMaven.StackTest" time="0"/>
  <testcase name="peekTest" classname="com.junit.maven.junitAndMaven.StackTest" time="0"/>
  <testcase name="peekExceptionTest" classname="com.junit.maven.junitAndMaven.StackTest" time="0"/>
  <testcase name="pushTest" classname="com.junit.maven.junitAndMaven.StackTest" time="0"/>
</testsuite>